d:\code\c++\grafika agh\oceansimulation\oceansimulation\x64\debug\vc143.pdb
d:\code\c++\grafika agh\oceansimulation\oceansimulation\x64\debug\vc143.idb
d:\code\c++\grafika agh\oceansimulation\oceansimulation\x64\debug\stb.obj
d:\code\c++\grafika agh\oceansimulation\oceansimulation\x64\debug\shader.obj
d:\code\c++\grafika agh\oceansimulation\oceansimulation\x64\debug\sea.obj
d:\code\c++\grafika agh\oceansimulation\oceansimulation\x64\debug\main.obj
d:\code\c++\grafika agh\oceansimulation\oceansimulation\x64\debug\boat.obj
d:\code\c++\grafika agh\oceansimulation\oceansimulation\x64\debug\glad.obj
d:\code\c++\grafika agh\oceansimulation\oceansimulation\x64\debug\camera.obj
d:\code\c++\grafika agh\oceansimulation\oceansimulation\x64\debug\oceansimulation.ilk
d:\code\c++\grafika agh\oceansimulation\x64\debug\oceansimulation.pdb
d:\code\c++\grafika agh\oceansimulation\oceansimulation\x64\debug\oceansimulation.tlog\cl.command.1.tlog
d:\code\c++\grafika agh\oceansimulation\oceansimulation\x64\debug\oceansimulation.tlog\cl.items.tlog
d:\code\c++\grafika agh\oceansimulation\oceansimulation\x64\debug\oceansimulation.tlog\cl.read.1.tlog
d:\code\c++\grafika agh\oceansimulation\oceansimulation\x64\debug\oceansimulation.tlog\cl.write.1.tlog
d:\code\c++\grafika agh\oceansimulation\oceansimulation\x64\debug\oceansimulation.tlog\link.24528-cvtres.read.1.tlog
d:\code\c++\grafika agh\oceansimulation\oceansimulation\x64\debug\oceansimulation.tlog\link.24528-cvtres.write.1.tlog
d:\code\c++\grafika agh\oceansimulation\oceansimulation\x64\debug\oceansimulation.tlog\link.24528-rc.read.1.tlog
d:\code\c++\grafika agh\oceansimulation\oceansimulation\x64\debug\oceansimulation.tlog\link.24528-rc.write.1.tlog
d:\code\c++\grafika agh\oceansimulation\oceansimulation\x64\debug\oceansimulation.tlog\link.24528.read.1.tlog
d:\code\c++\grafika agh\oceansimulation\oceansimulation\x64\debug\oceansimulation.tlog\link.24528.read.2.tlog
d:\code\c++\grafika agh\oceansimulation\oceansimulation\x64\debug\oceansimulation.tlog\link.24528.write.1.tlog
d:\code\c++\grafika agh\oceansimulation\oceansimulation\x64\debug\oceansimulation.tlog\link.command.1.tlog
d:\code\c++\grafika agh\oceansimulation\oceansimulation\x64\debug\oceansimulation.tlog\link.read.1.tlog
d:\code\c++\grafika agh\oceansimulation\oceansimulation\x64\debug\oceansimulation.tlog\link.secondary.1.tlog
d:\code\c++\grafika agh\oceansimulation\oceansimulation\x64\debug\oceansimulation.tlog\link.write.1.tlog
