  Boat.cpp
D:\Code\C++\Grafika AGH\OceanSimulation\OceanSimulation\Boat.cpp(98,17): warning C4244: 'initializing': conversion from 'double' to 'float', possible loss of data
D:\Code\C++\Grafika AGH\OceanSimulation\OceanSimulation\Boat.cpp(99,16): warning C4244: 'initializing': conversion from 'double' to 'float', possible loss of data
D:\Code\C++\Grafika AGH\OceanSimulation\OceanSimulation\Boat.cpp(118,46): warning C4267: 'argument': conversion from 'size_t' to 'GLsizei', possible loss of data
  Camera.cpp
  main.cpp
D:\Code\C++\Grafika AGH\OceanSimulation\OceanSimulation\main.cpp(96,28): warning C4244: 'initializing': conversion from 'double' to 'float', possible loss of data
D:\Code\C++\Grafika AGH\OceanSimulation\OceanSimulation\main.cpp(164,17): warning C4244: '=': conversion from 'double' to 'float', possible loss of data
D:\Code\C++\Grafika AGH\OceanSimulation\OceanSimulation\main.cpp(165,17): warning C4244: '=': conversion from 'double' to 'float', possible loss of data
D:\Code\C++\Grafika AGH\OceanSimulation\OceanSimulation\main.cpp(169,19): warning C4244: 'initializing': conversion from 'double' to 'float', possible loss of data
D:\Code\C++\Grafika AGH\OceanSimulation\OceanSimulation\main.cpp(170,19): warning C4244: 'initializing': conversion from 'double' to 'float', possible loss of data
D:\Code\C++\Grafika AGH\OceanSimulation\OceanSimulation\main.cpp(172,13): warning C4244: '=': conversion from 'double' to 'float', possible loss of data
D:\Code\C++\Grafika AGH\OceanSimulation\OceanSimulation\main.cpp(173,13): warning C4244: '=': conversion from 'double' to 'float', possible loss of data
D:\Code\C++\Grafika AGH\OceanSimulation\OceanSimulation\main.cpp(179,31): warning C4244: 'argument': conversion from 'double' to 'float', possible loss of data
  Sea.cpp
  Sea.h
  Shader.cpp
D:\Code\C++\Grafika AGH\OceanSimulation\OceanSimulation\Shader.cpp(28,36): warning C4101: 'e': unreferenced local variable
  stb.cpp
  Generating Code...
  glad.c
x64\Debug\Sea.obj : warning LNK4042: object specified more than once; extras ignored
LINK : warning LNK4098: defaultlib 'MSVCRT' conflicts with use of other libs; use /NODEFAULTLIB:library
  OceanSimulation.vcxproj -> D:\Code\C++\Grafika AGH\OceanSimulation\x64\Debug\OceanSimulation.exe
